
thg 3 28, 2018 15:13:35.21 NEW SESSION
thg 3 28, 2018 15:13:35.21 [3244:3700:0328/151335.207:ERROR:in_progress_cache_impl.cc(93)] Could not read download entries from file because there was a read failure.
thg 3 28, 2018 16:39:26.13 [3244:4832:0328/163926.135:ERROR:connection_factory_impl.cc(379)] Failed to connect to MCS endpoint with error -21
thg 3 28, 2018 16:39:31.33 [3244:4832:0328/163931.339:ERROR:connection_factory_impl.cc(379)] Failed to connect to MCS endpoint with error -106
thg 3 28, 2018 17:35:33.61 [3244:4204:0328/173533.614:ERROR:gcm_channel_status_request.cc(127)] GCM channel request failed.
thg 3 28, 2018 17:35:35.02 [3244:4832:0328/173535.027:ERROR:connection_factory_impl.cc(379)] Failed to connect to MCS endpoint with error -21
thg 3 28, 2018 17:35:43.29 [3244:4832:0328/173543.297:ERROR:connection_factory_impl.cc(379)] Failed to connect to MCS endpoint with error -106
thg 3 28, 2018 17:35:58.15 [3244:4832:0328/173558.150:ERROR:connection_factory_impl.cc(379)] Failed to connect to MCS endpoint with error -21
thg 3 28, 2018 18:42:15.05 [3244:4832:0328/184215.055:ERROR:upload_data_presenter.cc(73)] NOT IMPLEMENTED
thg 3 28, 2018 18:42:15.52 [3244:4832:0328/184215.527:ERROR:upload_data_presenter.cc(73)] NOT IMPLEMENTED
thg 3 28, 2018 18:42:17.11 [3244:4832:0328/184217.111:ERROR:upload_data_presenter.cc(73)] NOT IMPLEMENTED
thg 3 28, 2018 19:00:48.03 [3244:4832:0328/190048.030:ERROR:upload_data_presenter.cc(73)] NOT IMPLEMENTED
thg 3 28, 2018 19:00:48.23 [3244:4832:0328/190048.231:ERROR:upload_data_presenter.cc(73)] NOT IMPLEMENTED
thg 3 28, 2018 19:00:49.14 [3244:4832:0328/190049.141:ERROR:upload_data_presenter.cc(73)] NOT IMPLEMENTED
thg 3 28, 2018 19:01:17.69 [3244:4760:0328/190117.696:ERROR:connection.cc(1945)] Cookie sqlite error 1555, errno 0: UNIQUE constraint failed: cookies.creation_utc, sql: INSERT INTO cookies (creation_utc, host_key, name, value, encrypted_value, path, expires_utc, secure, httponly, firstpartyonly, last_access_utc, has_expires, persistent, priority) VALUES (?,?,?,?,?,?,?,?,?,?,?,?,?,?)
thg 3 28, 2018 19:01:17.69 [3244:4760:0328/190117.697:ERROR:connection.cc(1945)] Cookie sqlite error 1555, errno 0: UNIQUE constraint failed: cookies.creation_utc, sql: INSERT INTO cookies (creation_utc, host_key, name, value, encrypted_value, path, expires_utc, secure, httponly, firstpartyonly, last_access_utc, has_expires, persistent, priority) VALUES (?,?,?,?,?,?,?,?,?,?,?,?,?,?)
thg 3 28, 2018 19:01:17.71 [3244:4760:0328/190117.703:ERROR:connection.cc(1945)] Cookie sqlite error 1555, errno 0: UNIQUE constraint failed: cookies.creation_utc, sql: INSERT INTO cookies (creation_utc, host_key, name, value, encrypted_value, path, expires_utc, secure, httponly, firstpartyonly, last_access_utc, has_expires, persistent, priority) VALUES (?,?,?,?,?,?,?,?,?,?,?,?,?,?)
thg 3 28, 2018 19:01:17.71 [3244:4760:0328/190117.705:ERROR:connection.cc(1945)] Cookie sqlite error 1555, errno 0: UNIQUE constraint failed: cookies.creation_utc, sql: INSERT INTO cookies (creation_utc, host_key, name, value, encrypted_value, path, expires_utc, secure, httponly, firstpartyonly, last_access_utc, has_expires, persistent, priority) VALUES (?,?,?,?,?,?,?,?,?,?,?,?,?,?)
thg 3 28, 2018 19:01:17.71 [3244:4760:0328/190117.706:ERROR:connection.cc(1945)] Cookie sqlite error 1555, errno 0: UNIQUE constraint failed: cookies.creation_utc, sql: INSERT INTO cookies (creation_utc, host_key, name, value, encrypted_value, path, expires_utc, secure, httponly, firstpartyonly, last_access_utc, has_expires, persistent, priority) VALUES (?,?,?,?,?,?,?,?,?,?,?,?,?,?)
thg 3 28, 2018 19:01:44.60 [3244:4832:0328/190144.603:ERROR:upload_data_presenter.cc(73)] NOT IMPLEMENTED
thg 3 28, 2018 19:01:44.79 [3244:4832:0328/190144.794:ERROR:upload_data_presenter.cc(73)] NOT IMPLEMENTED
thg 3 28, 2018 19:02:14.94 [3244:4332:0328/190214.942:ERROR:connection.cc(1945)] Cookie sqlite error 1555, errno 0: UNIQUE constraint failed: cookies.creation_utc, sql: INSERT INTO cookies (creation_utc, host_key, name, value, encrypted_value, path, expires_utc, secure, httponly, firstpartyonly, last_access_utc, has_expires, persistent, priority) VALUES (?,?,?,?,?,?,?,?,?,?,?,?,?,?)
thg 3 28, 2018 19:02:14.94 [3244:4332:0328/190214.944:ERROR:connection.cc(1945)] Cookie sqlite error 1555, errno 0: UNIQUE constraint failed: cookies.creation_utc, sql: INSERT INTO cookies (creation_utc, host_key, name, value, encrypted_value, path, expires_utc, secure, httponly, firstpartyonly, last_access_utc, has_expires, persistent, priority) VALUES (?,?,?,?,?,?,?,?,?,?,?,?,?,?)
thg 3 28, 2018 19:02:46.25 [3244:4332:0328/190246.254:ERROR:connection.cc(1945)] Cookie sqlite error 1555, errno 0: UNIQUE constraint failed: cookies.creation_utc, sql: INSERT INTO cookies (creation_utc, host_key, name, value, encrypted_value, path, expires_utc, secure, httponly, firstpartyonly, last_access_utc, has_expires, persistent, priority) VALUES (?,?,?,?,?,?,?,?,?,?,?,?,?,?)
thg 3 28, 2018 19:03:55.96 [3244:4332:0328/190355.963:ERROR:connection.cc(1945)] Cookie sqlite error 1555, errno 0: UNIQUE constraint failed: cookies.creation_utc, sql: INSERT INTO cookies (creation_utc, host_key, name, value, encrypted_value, path, expires_utc, secure, httponly, firstpartyonly, last_access_utc, has_expires, persistent, priority) VALUES (?,?,?,?,?,?,?,?,?,?,?,?,?,?)
thg 3 28, 2018 19:05:38.16 [3244:4832:0328/190538.162:ERROR:upload_data_presenter.cc(73)] NOT IMPLEMENTED
thg 3 28, 2018 19:05:38.48 [3244:4832:0328/190538.479:ERROR:upload_data_presenter.cc(73)] NOT IMPLEMENTED
thg 3 28, 2018 19:05:39.99 [3244:4832:0328/190539.993:ERROR:upload_data_presenter.cc(73)] NOT IMPLEMENTED
thg 3 28, 2018 19:05:51.79 [3244:4832:0328/190551.795:ERROR:upload_data_presenter.cc(73)] NOT IMPLEMENTED
thg 3 28, 2018 19:05:52.03 [3244:4832:0328/190552.033:ERROR:upload_data_presenter.cc(73)] NOT IMPLEMENTED
thg 3 28, 2018 19:05:53.14 [3244:4832:0328/190553.144:ERROR:upload_data_presenter.cc(73)] NOT IMPLEMENTED
thg 3 28, 2018 19:06:38.13 [3244:4996:0328/190638.132:ERROR:connection.cc(1945)] Cookie sqlite error 1555, errno 0: UNIQUE constraint failed: cookies.creation_utc, sql: INSERT INTO cookies (creation_utc, host_key, name, value, encrypted_value, path, expires_utc, secure, httponly, firstpartyonly, last_access_utc, has_expires, persistent, priority) VALUES (?,?,?,?,?,?,?,?,?,?,?,?,?,?)
thg 3 28, 2018 19:19:29.08 [3244:4996:0328/191929.084:ERROR:connection.cc(1945)] Cookie sqlite error 1555, errno 0: UNIQUE constraint failed: cookies.creation_utc, sql: INSERT INTO cookies (creation_utc, host_key, name, value, encrypted_value, path, expires_utc, secure, httponly, firstpartyonly, last_access_utc, has_expires, persistent, priority) VALUES (?,?,?,?,?,?,?,?,?,?,?,?,?,?)
thg 3 28, 2018 19:21:57.56 [3244:4996:0328/192157.561:ERROR:connection.cc(1945)] Cookie sqlite error 1555, errno 0: UNIQUE constraint failed: cookies.creation_utc, sql: INSERT INTO cookies (creation_utc, host_key, name, value, encrypted_value, path, expires_utc, secure, httponly, firstpartyonly, last_access_utc, has_expires, persistent, priority) VALUES (?,?,?,?,?,?,?,?,?,?,?,?,?,?)
thg 3 28, 2018 19:21:57.56 [3244:4996:0328/192157.566:ERROR:connection.cc(1945)] Cookie sqlite error 1555, errno 0: UNIQUE constraint failed: cookies.creation_utc, sql: INSERT INTO cookies (creation_utc, host_key, name, value, encrypted_value, path, expires_utc, secure, httponly, firstpartyonly, last_access_utc, has_expires, persistent, priority) VALUES (?,?,?,?,?,?,?,?,?,?,?,?,?,?)
thg 3 28, 2018 19:24:40.66 [3244:4996:0328/192440.666:ERROR:connection.cc(1945)] Cookie sqlite error 1555, errno 0: UNIQUE constraint failed: cookies.creation_utc, sql: INSERT INTO cookies (creation_utc, host_key, name, value, encrypted_value, path, expires_utc, secure, httponly, firstpartyonly, last_access_utc, has_expires, persistent, priority) VALUES (?,?,?,?,?,?,?,?,?,?,?,?,?,?)
thg 3 28, 2018 19:24:40.66 [3244:4996:0328/192440.666:ERROR:connection.cc(1945)] Cookie sqlite error 1555, errno 0: UNIQUE constraint failed: cookies.creation_utc, sql: INSERT INTO cookies (creation_utc, host_key, name, value, encrypted_value, path, expires_utc, secure, httponly, firstpartyonly, last_access_utc, has_expires, persistent, priority) VALUES (?,?,?,?,?,?,?,?,?,?,?,?,?,?)
thg 3 28, 2018 19:24:40.66 [3244:4996:0328/192440.667:ERROR:connection.cc(1945)] Cookie sqlite error 1555, errno 0: UNIQUE constraint failed: cookies.creation_utc, sql: INSERT INTO cookies (creation_utc, host_key, name, value, encrypted_value, path, expires_utc, secure, httponly, firstpartyonly, last_access_utc, has_expires, persistent, priority) VALUES (?,?,?,?,?,?,?,?,?,?,?,?,?,?)
thg 3 28, 2018 19:24:40.67 [3244:4996:0328/192440.671:ERROR:connection.cc(1945)] Cookie sqlite error 1555, errno 0: UNIQUE constraint failed: cookies.creation_utc, sql: INSERT INTO cookies (creation_utc, host_key, name, value, encrypted_value, path, expires_utc, secure, httponly, firstpartyonly, last_access_utc, has_expires, persistent, priority) VALUES (?,?,?,?,?,?,?,?,?,?,?,?,?,?)
thg 3 28, 2018 19:27:09.41 [3244:4996:0328/192709.417:ERROR:connection.cc(1945)] Cookie sqlite error 1555, errno 0: UNIQUE constraint failed: cookies.creation_utc, sql: INSERT INTO cookies (creation_utc, host_key, name, value, encrypted_value, path, expires_utc, secure, httponly, firstpartyonly, last_access_utc, has_expires, persistent, priority) VALUES (?,?,?,?,?,?,?,?,?,?,?,?,?,?)
thg 3 28, 2018 19:44:08.34 [3244:4996:0328/194408.340:ERROR:connection.cc(1945)] Cookie sqlite error 1555, errno 0: UNIQUE constraint failed: cookies.creation_utc, sql: INSERT INTO cookies (creation_utc, host_key, name, value, encrypted_value, path, expires_utc, secure, httponly, firstpartyonly, last_access_utc, has_expires, persistent, priority) VALUES (?,?,?,?,?,?,?,?,?,?,?,?,?,?)
thg 3 28, 2018 19:44:44.33 [3244:4996:0328/194444.334:ERROR:connection.cc(1945)] Cookie sqlite error 1555, errno 0: UNIQUE constraint failed: cookies.creation_utc, sql: INSERT INTO cookies (creation_utc, host_key, name, value, encrypted_value, path, expires_utc, secure, httponly, firstpartyonly, last_access_utc, has_expires, persistent, priority) VALUES (?,?,?,?,?,?,?,?,?,?,?,?,?,?)
thg 3 28, 2018 19:44:44.35 [3244:4996:0328/194444.339:ERROR:connection.cc(1945)] Cookie sqlite error 1555, errno 0: UNIQUE constraint failed: cookies.creation_utc, sql: INSERT INTO cookies (creation_utc, host_key, name, value, encrypted_value, path, expires_utc, secure, httponly, firstpartyonly, last_access_utc, has_expires, persistent, priority) VALUES (?,?,?,?,?,?,?,?,?,?,?,?,?,?)

thg 4 22, 2018 20:40:31.84 NEW SESSION
thg 4 22, 2018 20:40:31.84 [3512:2200:0422/204031.843:ERROR:in_progress_cache_impl.cc(93)] Could not read download entries from file because there was a read failure.
thg 4 22, 2018 21:02:42.92 [3512:3584:0422/210242.925:ERROR:upload_data_presenter.cc(73)] NOT IMPLEMENTED
thg 4 22, 2018 21:02:43.02 [3512:3584:0422/210243.022:ERROR:upload_data_presenter.cc(73)] NOT IMPLEMENTED
thg 4 22, 2018 21:03:12.93 [3512:4988:0422/210312.934:ERROR:connection.cc(1945)] Cookie sqlite error 1555, errno 0: UNIQUE constraint failed: cookies.creation_utc, sql: INSERT INTO cookies (creation_utc, host_key, name, value, encrypted_value, path, expires_utc, secure, httponly, firstpartyonly, last_access_utc, has_expires, persistent, priority) VALUES (?,?,?,?,?,?,?,?,?,?,?,?,?,?)
thg 4 22, 2018 21:03:12.93 [3512:4988:0422/210312.936:ERROR:connection.cc(1945)] Cookie sqlite error 1555, errno 0: UNIQUE constraint failed: cookies.creation_utc, sql: INSERT INTO cookies (creation_utc, host_key, name, value, encrypted_value, path, expires_utc, secure, httponly, firstpartyonly, last_access_utc, has_expires, persistent, priority) VALUES (?,?,?,?,?,?,?,?,?,?,?,?,?,?)
thg 4 22, 2018 21:03:12.94 [3512:4988:0422/210312.943:ERROR:connection.cc(1945)] Cookie sqlite error 1555, errno 0: UNIQUE constraint failed: cookies.creation_utc, sql: INSERT INTO cookies (creation_utc, host_key, name, value, encrypted_value, path, expires_utc, secure, httponly, firstpartyonly, last_access_utc, has_expires, persistent, priority) VALUES (?,?,?,?,?,?,?,?,?,?,?,?,?,?)
thg 4 22, 2018 21:03:43.12 [3512:3264:0422/210343.123:ERROR:connection.cc(1945)] Cookie sqlite error 1555, errno 0: UNIQUE constraint failed: cookies.creation_utc, sql: INSERT INTO cookies (creation_utc, host_key, name, value, encrypted_value, path, expires_utc, secure, httponly, firstpartyonly, last_access_utc, has_expires, persistent, priority) VALUES (?,?,?,?,?,?,?,?,?,?,?,?,?,?)
thg 4 22, 2018 21:22:23.39 [3512:4824:0422/212223.391:ERROR:connection.cc(1945)] Cookie sqlite error 1555, errno 0: UNIQUE constraint failed: cookies.creation_utc, sql: INSERT INTO cookies (creation_utc, host_key, name, value, encrypted_value, path, expires_utc, secure, httponly, firstpartyonly, last_access_utc, has_expires, persistent, priority) VALUES (?,?,?,?,?,?,?,?,?,?,?,?,?,?)
thg 4 22, 2018 21:29:22.29 [3512:3364:0422/212922.298:ERROR:connection.cc(1945)] Cookie sqlite error 1555, errno 0: UNIQUE constraint failed: cookies.creation_utc, sql: INSERT INTO cookies (creation_utc, host_key, name, value, encrypted_value, path, expires_utc, secure, httponly, firstpartyonly, last_access_utc, has_expires, persistent, priority) VALUES (?,?,?,?,?,?,?,?,?,?,?,?,?,?)
thg 4 22, 2018 21:59:36.23 [3512:2760:0422/215936.236:ERROR:connection.cc(1945)] Cookie sqlite error 1555, errno 0: UNIQUE constraint failed: cookies.creation_utc, sql: INSERT INTO cookies (creation_utc, host_key, name, value, encrypted_value, path, expires_utc, secure, httponly, firstpartyonly, last_access_utc, has_expires, persistent, priority) VALUES (?,?,?,?,?,?,?,?,?,?,?,?,?,?)

thg 4 23, 2018 15:03:52.33 NEW SESSION
thg 4 23, 2018 15:03:52.33 [3172:2944:0423/150352.322:ERROR:in_progress_cache_impl.cc(93)] Could not read download entries from file because there was a read failure.
thg 4 23, 2018 15:09:44.90 [3172:2816:0423/150944.906:ERROR:upload_data_presenter.cc(73)] NOT IMPLEMENTED
thg 4 23, 2018 15:09:44.99 [3172:2816:0423/150944.997:ERROR:upload_data_presenter.cc(73)] NOT IMPLEMENTED
thg 4 23, 2018 15:09:45.09 [3172:2816:0423/150945.094:ERROR:upload_data_presenter.cc(73)] NOT IMPLEMENTED
thg 4 23, 2018 15:10:14.42 [3172:4204:0423/151014.426:ERROR:connection.cc(1945)] Cookie sqlite error 1555, errno 0: UNIQUE constraint failed: cookies.creation_utc, sql: INSERT INTO cookies (creation_utc, host_key, name, value, encrypted_value, path, expires_utc, secure, httponly, firstpartyonly, last_access_utc, has_expires, persistent, priority) VALUES (?,?,?,?,?,?,?,?,?,?,?,?,?,?)
thg 4 23, 2018 15:10:14.42 [3172:4204:0423/151014.427:ERROR:connection.cc(1945)] Cookie sqlite error 1555, errno 0: UNIQUE constraint failed: cookies.creation_utc, sql: INSERT INTO cookies (creation_utc, host_key, name, value, encrypted_value, path, expires_utc, secure, httponly, firstpartyonly, last_access_utc, has_expires, persistent, priority) VALUES (?,?,?,?,?,?,?,?,?,?,?,?,?,?)
thg 4 23, 2018 15:12:43.73 [3172:2816:0423/151243.728:ERROR:upload_data_presenter.cc(73)] NOT IMPLEMENTED
thg 4 23, 2018 15:12:43.75 [3172:2816:0423/151243.751:ERROR:upload_data_presenter.cc(73)] NOT IMPLEMENTED
thg 4 23, 2018 15:12:43.90 [3172:2816:0423/151243.907:ERROR:upload_data_presenter.cc(73)] NOT IMPLEMENTED
thg 4 23, 2018 15:15:59.03 [3172:3980:0423/151559.036:ERROR:connection.cc(1945)] Cookie sqlite error 1555, errno 0: UNIQUE constraint failed: cookies.creation_utc, sql: INSERT INTO cookies (creation_utc, host_key, name, value, encrypted_value, path, expires_utc, secure, httponly, firstpartyonly, last_access_utc, has_expires, persistent, priority) VALUES (?,?,?,?,?,?,?,?,?,?,?,?,?,?)
thg 4 23, 2018 15:15:59.04 [3172:3980:0423/151559.040:ERROR:connection.cc(1945)] Cookie sqlite error 1555, errno 0: UNIQUE constraint failed: cookies.creation_utc, sql: INSERT INTO cookies (creation_utc, host_key, name, value, encrypted_value, path, expires_utc, secure, httponly, firstpartyonly, last_access_utc, has_expires, persistent, priority) VALUES (?,?,?,?,?,?,?,?,?,?,?,?,?,?)
thg 4 23, 2018 15:16:49.44 [3172:2816:0423/151649.447:ERROR:upload_data_presenter.cc(73)] NOT IMPLEMENTED
thg 4 23, 2018 15:16:49.55 [3172:2816:0423/151649.557:ERROR:upload_data_presenter.cc(73)] NOT IMPLEMENTED
thg 4 23, 2018 15:16:49.67 [3172:2816:0423/151649.678:ERROR:upload_data_presenter.cc(73)] NOT IMPLEMENTED
thg 4 23, 2018 15:18:08.96 [3172:4768:0423/151808.961:ERROR:connection.cc(1945)] Cookie sqlite error 1555, errno 0: UNIQUE constraint failed: cookies.creation_utc, sql: INSERT INTO cookies (creation_utc, host_key, name, value, encrypted_value, path, expires_utc, secure, httponly, firstpartyonly, last_access_utc, has_expires, persistent, priority) VALUES (?,?,?,?,?,?,?,?,?,?,?,?,?,?)
thg 4 23, 2018 15:18:08.96 [3172:4768:0423/151808.963:ERROR:connection.cc(1945)] Cookie sqlite error 1555, errno 0: UNIQUE constraint failed: cookies.creation_utc, sql: INSERT INTO cookies (creation_utc, host_key, name, value, encrypted_value, path, expires_utc, secure, httponly, firstpartyonly, last_access_utc, has_expires, persistent, priority) VALUES (?,?,?,?,?,?,?,?,?,?,?,?,?,?)
thg 4 23, 2018 15:19:32.63 [3172:2816:0423/151932.638:ERROR:upload_data_presenter.cc(73)] NOT IMPLEMENTED
thg 4 23, 2018 15:19:32.67 [3172:2816:0423/151932.673:ERROR:upload_data_presenter.cc(73)] NOT IMPLEMENTED
thg 4 23, 2018 15:19:32.77 [3172:2816:0423/151932.774:ERROR:upload_data_presenter.cc(73)] NOT IMPLEMENTED
thg 4 23, 2018 15:20:05.15 [3172:2816:0423/152005.157:ERROR:upload_data_presenter.cc(73)] NOT IMPLEMENTED
thg 4 23, 2018 15:20:05.21 [3172:2816:0423/152005.218:ERROR:upload_data_presenter.cc(73)] NOT IMPLEMENTED
thg 4 23, 2018 15:20:05.34 [3172:2816:0423/152005.347:ERROR:upload_data_presenter.cc(73)] NOT IMPLEMENTED
thg 4 23, 2018 15:55:29.46 [3172:2816:0423/155529.469:ERROR:upload_data_presenter.cc(73)] NOT IMPLEMENTED
thg 4 23, 2018 15:55:29.64 [3172:2816:0423/155529.641:ERROR:upload_data_presenter.cc(73)] NOT IMPLEMENTED
thg 4 23, 2018 15:55:29.70 [3172:2816:0423/155529.705:ERROR:upload_data_presenter.cc(73)] NOT IMPLEMENTED
thg 4 23, 2018 15:56:07.38 [3172:5100:0423/155607.387:ERROR:connection.cc(1945)] Cookie sqlite error 1555, errno 0: UNIQUE constraint failed: cookies.creation_utc, sql: INSERT INTO cookies (creation_utc, host_key, name, value, encrypted_value, path, expires_utc, secure, httponly, firstpartyonly, last_access_utc, has_expires, persistent, priority) VALUES (?,?,?,?,?,?,?,?,?,?,?,?,?,?)
thg 4 23, 2018 15:59:35.20 [3172:2952:0423/155935.209:ERROR:connection.cc(1945)] Cookie sqlite error 1555, errno 0: UNIQUE constraint failed: cookies.creation_utc, sql: INSERT INTO cookies (creation_utc, host_key, name, value, encrypted_value, path, expires_utc, secure, httponly, firstpartyonly, last_access_utc, has_expires, persistent, priority) VALUES (?,?,?,?,?,?,?,?,?,?,?,?,?,?)
thg 4 23, 2018 15:59:35.21 [3172:2952:0423/155935.210:ERROR:connection.cc(1945)] Cookie sqlite error 1555, errno 0: UNIQUE constraint failed: cookies.creation_utc, sql: INSERT INTO cookies (creation_utc, host_key, name, value, encrypted_value, path, expires_utc, secure, httponly, firstpartyonly, last_access_utc, has_expires, persistent, priority) VALUES (?,?,?,?,?,?,?,?,?,?,?,?,?,?)
thg 4 23, 2018 16:01:02.03 [3172:2816:0423/160102.036:ERROR:upload_data_presenter.cc(73)] NOT IMPLEMENTED
thg 4 23, 2018 16:05:23.71 [3172:4704:0423/160523.717:ERROR:connection.cc(1945)] Cookie sqlite error 1555, errno 0: UNIQUE constraint failed: cookies.creation_utc, sql: INSERT INTO cookies (creation_utc, host_key, name, value, encrypted_value, path, expires_utc, secure, httponly, firstpartyonly, last_access_utc, has_expires, persistent, priority) VALUES (?,?,?,?,?,?,?,?,?,?,?,?,?,?)
thg 4 23, 2018 16:05:53.85 [3172:4704:0423/160553.858:ERROR:connection.cc(1945)] Cookie sqlite error 1555, errno 0: UNIQUE constraint failed: cookies.creation_utc, sql: INSERT INTO cookies (creation_utc, host_key, name, value, encrypted_value, path, expires_utc, secure, httponly, firstpartyonly, last_access_utc, has_expires, persistent, priority) VALUES (?,?,?,?,?,?,?,?,?,?,?,?,?,?)
thg 4 23, 2018 16:15:02.60 [3172:4556:0423/161502.604:ERROR:connection.cc(1945)] Cookie sqlite error 1555, errno 0: UNIQUE constraint failed: cookies.creation_utc, sql: INSERT INTO cookies (creation_utc, host_key, name, value, encrypted_value, path, expires_utc, secure, httponly, firstpartyonly, last_access_utc, has_expires, persistent, priority) VALUES (?,?,?,?,?,?,?,?,?,?,?,?,?,?)
thg 4 23, 2018 16:15:02.62 [3172:4556:0423/161502.620:ERROR:connection.cc(1945)] Cookie sqlite error 1555, errno 0: UNIQUE constraint failed: cookies.creation_utc, sql: INSERT INTO cookies (creation_utc, host_key, name, value, encrypted_value, path, expires_utc, secure, httponly, firstpartyonly, last_access_utc, has_expires, persistent, priority) VALUES (?,?,?,?,?,?,?,?,?,?,?,?,?,?)
thg 4 23, 2018 16:19:35.97 [3172:5092:0423/161935.974:ERROR:connection.cc(1945)] Cookie sqlite error 1555, errno 0: UNIQUE constraint failed: cookies.creation_utc, sql: INSERT INTO cookies (creation_utc, host_key, name, value, encrypted_value, path, expires_utc, secure, httponly, firstpartyonly, last_access_utc, has_expires, persistent, priority) VALUES (?,?,?,?,?,?,?,?,?,?,?,?,?,?)
thg 4 23, 2018 16:19:35.97 [3172:5092:0423/161935.975:ERROR:connection.cc(1945)] Cookie sqlite error 1555, errno 0: UNIQUE constraint failed: cookies.creation_utc, sql: INSERT INTO cookies (creation_utc, host_key, name, value, encrypted_value, path, expires_utc, secure, httponly, firstpartyonly, last_access_utc, has_expires, persistent, priority) VALUES (?,?,?,?,?,?,?,?,?,?,?,?,?,?)
thg 4 23, 2018 16:25:05.66 [3172:2816:0423/162505.663:ERROR:upload_data_presenter.cc(73)] NOT IMPLEMENTED
thg 4 23, 2018 16:25:05.95 [3172:2816:0423/162505.957:ERROR:upload_data_presenter.cc(73)] NOT IMPLEMENTED
thg 4 23, 2018 16:25:06.42 [3172:2816:0423/162506.421:ERROR:upload_data_presenter.cc(73)] NOT IMPLEMENTED
thg 4 23, 2018 16:58:27.65 [3172:2816:0423/165827.654:ERROR:upload_data_presenter.cc(73)] NOT IMPLEMENTED
thg 4 23, 2018 16:58:28.14 [3172:2816:0423/165828.146:ERROR:upload_data_presenter.cc(73)] NOT IMPLEMENTED
thg 4 23, 2018 16:58:28.85 [3172:2816:0423/165828.854:ERROR:upload_data_presenter.cc(73)] NOT IMPLEMENTED
thg 4 23, 2018 16:58:57.00 [3172:4436:0423/165857.007:ERROR:connection.cc(1945)] Cookie sqlite error 1555, errno 0: UNIQUE constraint failed: cookies.creation_utc, sql: INSERT INTO cookies (creation_utc, host_key, name, value, encrypted_value, path, expires_utc, secure, httponly, firstpartyonly, last_access_utc, has_expires, persistent, priority) VALUES (?,?,?,?,?,?,?,?,?,?,?,?,?,?)
thg 4 23, 2018 17:26:44.38 [3172:2816:0423/172644.386:ERROR:upload_data_presenter.cc(73)] NOT IMPLEMENTED
thg 4 23, 2018 17:26:44.66 [3172:2816:0423/172644.667:ERROR:upload_data_presenter.cc(73)] NOT IMPLEMENTED
thg 4 23, 2018 17:26:45.53 [3172:2816:0423/172645.534:ERROR:upload_data_presenter.cc(73)] NOT IMPLEMENTED
thg 4 23, 2018 17:31:10.65 [3172:2816:0423/173110.650:ERROR:upload_data_presenter.cc(73)] NOT IMPLEMENTED
thg 4 23, 2018 17:31:11.06 [3172:2816:0423/173111.069:ERROR:upload_data_presenter.cc(73)] NOT IMPLEMENTED
thg 4 23, 2018 17:31:11.12 [3172:2816:0423/173111.128:ERROR:upload_data_presenter.cc(73)] NOT IMPLEMENTED
thg 4 23, 2018 17:40:58.44 [3172:2816:0423/174058.449:ERROR:upload_data_presenter.cc(73)] NOT IMPLEMENTED
thg 4 23, 2018 17:40:58.60 [3172:2816:0423/174058.607:ERROR:upload_data_presenter.cc(73)] NOT IMPLEMENTED
thg 4 23, 2018 17:42:06.34 [3172:2676:0423/174206.341:ERROR:connection.cc(1945)] Cookie sqlite error 1555, errno 0: UNIQUE constraint failed: cookies.creation_utc, sql: INSERT INTO cookies (creation_utc, host_key, name, value, encrypted_value, path, expires_utc, secure, httponly, firstpartyonly, last_access_utc, has_expires, persistent, priority) VALUES (?,?,?,?,?,?,?,?,?,?,?,?,?,?)
thg 4 23, 2018 17:42:06.34 [3172:2676:0423/174206.348:ERROR:connection.cc(1945)] Cookie sqlite error 1555, errno 0: UNIQUE constraint failed: cookies.creation_utc, sql: INSERT INTO cookies (creation_utc, host_key, name, value, encrypted_value, path, expires_utc, secure, httponly, firstpartyonly, last_access_utc, has_expires, persistent, priority) VALUES (?,?,?,?,?,?,?,?,?,?,?,?,?,?)
thg 4 23, 2018 17:42:06.36 [3172:2676:0423/174206.366:ERROR:connection.cc(1945)] Cookie sqlite error 1555, errno 0: UNIQUE constraint failed: cookies.creation_utc, sql: INSERT INTO cookies (creation_utc, host_key, name, value, encrypted_value, path, expires_utc, secure, httponly, firstpartyonly, last_access_utc, has_expires, persistent, priority) VALUES (?,?,?,?,?,?,?,?,?,?,?,?,?,?)
thg 4 23, 2018 17:42:06.37 [3172:2676:0423/174206.372:ERROR:connection.cc(1945)] Cookie sqlite error 1555, errno 0: UNIQUE constraint failed: cookies.creation_utc, sql: INSERT INTO cookies (creation_utc, host_key, name, value, encrypted_value, path, expires_utc, secure, httponly, firstpartyonly, last_access_utc, has_expires, persistent, priority) VALUES (?,?,?,?,?,?,?,?,?,?,?,?,?,?)
thg 4 23, 2018 17:44:24.56 [3172:4676:0423/174424.565:ERROR:connection.cc(1945)] Cookie sqlite error 1555, errno 0: UNIQUE constraint failed: cookies.creation_utc, sql: INSERT INTO cookies (creation_utc, host_key, name, value, encrypted_value, path, expires_utc, secure, httponly, firstpartyonly, last_access_utc, has_expires, persistent, priority) VALUES (?,?,?,?,?,?,?,?,?,?,?,?,?,?)
thg 4 23, 2018 17:44:24.56 [3172:4676:0423/174424.567:ERROR:connection.cc(1945)] Cookie sqlite error 1555, errno 0: UNIQUE constraint failed: cookies.creation_utc, sql: INSERT INTO cookies (creation_utc, host_key, name, value, encrypted_value, path, expires_utc, secure, httponly, firstpartyonly, last_access_utc, has_expires, persistent, priority) VALUES (?,?,?,?,?,?,?,?,?,?,?,?,?,?)
thg 4 23, 2018 18:04:24.09 [3172:2816:0423/180424.094:ERROR:upload_data_presenter.cc(73)] NOT IMPLEMENTED
thg 4 23, 2018 18:04:24.59 [3172:2816:0423/180424.593:ERROR:upload_data_presenter.cc(73)] NOT IMPLEMENTED
thg 4 23, 2018 18:04:25.28 [3172:2816:0423/180425.281:ERROR:upload_data_presenter.cc(73)] NOT IMPLEMENTED
thg 4 23, 2018 18:46:57.53 [3172:3192:0423/184657.533:ERROR:gcm_channel_status_request.cc(127)] GCM channel request failed.
thg 4 23, 2018 18:46:58.36 [3172:2816:0423/184658.363:ERROR:connection_factory_impl.cc(379)] Failed to connect to MCS endpoint with error -21
thg 4 23, 2018 18:47:07.35 [3172:2816:0423/184707.353:ERROR:connection_factory_impl.cc(379)] Failed to connect to MCS endpoint with error -106
thg 4 23, 2018 22:03:32.72 [3172:4152:0423/220332.727:ERROR:connection.cc(1945)] Cookie sqlite error 1555, errno 0: UNIQUE constraint failed: cookies.creation_utc, sql: INSERT INTO cookies (creation_utc, host_key, name, value, encrypted_value, path, expires_utc, secure, httponly, firstpartyonly, last_access_utc, has_expires, persistent, priority) VALUES (?,?,?,?,?,?,?,?,?,?,?,?,?,?)
thg 4 23, 2018 22:16:44.83 [3172:2816:0423/221644.831:ERROR:upload_data_presenter.cc(73)] NOT IMPLEMENTED
thg 4 23, 2018 22:16:45.22 [3172:2816:0423/221645.223:ERROR:upload_data_presenter.cc(73)] NOT IMPLEMENTED
thg 4 23, 2018 22:16:46.08 [3172:2816:0423/221646.086:ERROR:upload_data_presenter.cc(73)] NOT IMPLEMENTED
thg 4 23, 2018 22:39:48.77 [3172:2816:0423/223948.775:ERROR:upload_data_presenter.cc(73)] NOT IMPLEMENTED
thg 4 23, 2018 22:42:04.03 [3172:2816:0423/224204.033:ERROR:upload_data_presenter.cc(73)] NOT IMPLEMENTED
thg 4 23, 2018 22:42:04.32 [3172:2816:0423/224204.323:ERROR:upload_data_presenter.cc(73)] NOT IMPLEMENTED
thg 4 23, 2018 22:42:05.14 [3172:2816:0423/224205.148:ERROR:upload_data_presenter.cc(73)] NOT IMPLEMENTED
thg 4 23, 2018 22:53:25.08 [3172:2816:0423/225325.081:ERROR:upload_data_presenter.cc(73)] NOT IMPLEMENTED
thg 4 23, 2018 22:53:25.36 [3172:2816:0423/225325.364:ERROR:upload_data_presenter.cc(73)] NOT IMPLEMENTED
thg 4 23, 2018 22:53:25.50 [3172:2816:0423/225325.501:ERROR:upload_data_presenter.cc(73)] NOT IMPLEMENTED
thg 4 23, 2018 22:56:43.29 [3172:4228:0423/225643.297:ERROR:connection.cc(1945)] Cookie sqlite error 1555, errno 0: UNIQUE constraint failed: cookies.creation_utc, sql: INSERT INTO cookies (creation_utc, host_key, name, value, encrypted_value, path, expires_utc, secure, httponly, firstpartyonly, last_access_utc, has_expires, persistent, priority) VALUES (?,?,?,?,?,?,?,?,?,?,?,?,?,?)
thg 4 23, 2018 22:56:43.29 [3172:4228:0423/225643.298:ERROR:connection.cc(1945)] Cookie sqlite error 1555, errno 0: UNIQUE constraint failed: cookies.creation_utc, sql: INSERT INTO cookies (creation_utc, host_key, name, value, encrypted_value, path, expires_utc, secure, httponly, firstpartyonly, last_access_utc, has_expires, persistent, priority) VALUES (?,?,?,?,?,?,?,?,?,?,?,?,?,?)
thg 4 23, 2018 22:56:43.29 [3172:4228:0423/225643.298:ERROR:connection.cc(1945)] Cookie sqlite error 1555, errno 0: UNIQUE constraint failed: cookies.creation_utc, sql: INSERT INTO cookies (creation_utc, host_key, name, value, encrypted_value, path, expires_utc, secure, httponly, firstpartyonly, last_access_utc, has_expires, persistent, priority) VALUES (?,?,?,?,?,?,?,?,?,?,?,?,?,?)
thg 4 23, 2018 23:00:29.36 [3172:2816:0423/230029.367:ERROR:upload_data_presenter.cc(73)] NOT IMPLEMENTED
thg 4 23, 2018 23:00:29.82 [3172:2816:0423/230029.829:ERROR:upload_data_presenter.cc(73)] NOT IMPLEMENTED
thg 4 23, 2018 23:00:29.86 [3172:2816:0423/230029.865:ERROR:upload_data_presenter.cc(73)] NOT IMPLEMENTED
thg 4 23, 2018 23:02:18.28 [3172:2816:0423/230218.282:ERROR:upload_data_presenter.cc(73)] NOT IMPLEMENTED
thg 4 23, 2018 23:02:18.49 [3172:2816:0423/230218.493:ERROR:upload_data_presenter.cc(73)] NOT IMPLEMENTED
thg 4 23, 2018 23:02:19.46 [3172:2816:0423/230219.467:ERROR:upload_data_presenter.cc(73)] NOT IMPLEMENTED
thg 4 23, 2018 23:03:49.14 [3172:1528:0423/230349.141:ERROR:connection.cc(1945)] Cookie sqlite error 1555, errno 0: UNIQUE constraint failed: cookies.creation_utc, sql: INSERT INTO cookies (creation_utc, host_key, name, value, encrypted_value, path, expires_utc, secure, httponly, firstpartyonly, last_access_utc, has_expires, persistent, priority) VALUES (?,?,?,?,?,?,?,?,?,?,?,?,?,?)
thg 4 23, 2018 23:09:09.84 [3172:2816:0423/230909.840:ERROR:upload_data_presenter.cc(73)] NOT IMPLEMENTED
thg 4 23, 2018 23:09:10.01 [3172:2816:0423/230910.018:ERROR:upload_data_presenter.cc(73)] NOT IMPLEMENTED
thg 4 23, 2018 23:09:10.17 [3172:2816:0423/230910.175:ERROR:upload_data_presenter.cc(73)] NOT IMPLEMENTED
thg 4 23, 2018 23:09:37.29 [3172:5116:0423/230937.293:ERROR:connection.cc(1945)] Cookie sqlite error 1555, errno 0: UNIQUE constraint failed: cookies.creation_utc, sql: INSERT INTO cookies (creation_utc, host_key, name, value, encrypted_value, path, expires_utc, secure, httponly, firstpartyonly, last_access_utc, has_expires, persistent, priority) VALUES (?,?,?,?,?,?,?,?,?,?,?,?,?,?)
thg 4 23, 2018 23:09:37.29 [3172:5116:0423/230937.297:ERROR:connection.cc(1945)] Cookie sqlite error 1555, errno 0: UNIQUE constraint failed: cookies.creation_utc, sql: INSERT INTO cookies (creation_utc, host_key, name, value, encrypted_value, path, expires_utc, secure, httponly, firstpartyonly, last_access_utc, has_expires, persistent, priority) VALUES (?,?,?,?,?,?,?,?,?,?,?,?,?,?)
thg 4 23, 2018 23:09:37.30 [3172:5116:0423/230937.306:ERROR:connection.cc(1945)] Cookie sqlite error 1555, errno 0: UNIQUE constraint failed: cookies.creation_utc, sql: INSERT INTO cookies (creation_utc, host_key, name, value, encrypted_value, path, expires_utc, secure, httponly, firstpartyonly, last_access_utc, has_expires, persistent, priority) VALUES (?,?,?,?,?,?,?,?,?,?,?,?,?,?)
thg 4 23, 2018 23:09:37.31 [3172:5116:0423/230937.311:ERROR:connection.cc(1945)] Cookie sqlite error 1555, errno 0: UNIQUE constraint failed: cookies.creation_utc, sql: INSERT INTO cookies (creation_utc, host_key, name, value, encrypted_value, path, expires_utc, secure, httponly, firstpartyonly, last_access_utc, has_expires, persistent, priority) VALUES (?,?,?,?,?,?,?,?,?,?,?,?,?,?)
thg 4 23, 2018 23:13:19.85 [3172:2816:0423/231319.850:ERROR:upload_data_presenter.cc(73)] NOT IMPLEMENTED
thg 4 23, 2018 23:13:20.04 [3172:2816:0423/231320.044:ERROR:upload_data_presenter.cc(73)] NOT IMPLEMENTED
thg 4 23, 2018 23:13:20.16 [3172:2816:0423/231320.167:ERROR:upload_data_presenter.cc(73)] NOT IMPLEMENTED
thg 4 23, 2018 23:14:01.43 [3172:2756:0423/231401.435:ERROR:connection.cc(1945)] Cookie sqlite error 1555, errno 0: UNIQUE constraint failed: cookies.creation_utc, sql: INSERT INTO cookies (creation_utc, host_key, name, value, encrypted_value, path, expires_utc, secure, httponly, firstpartyonly, last_access_utc, has_expires, persistent, priority) VALUES (?,?,?,?,?,?,?,?,?,?,?,?,?,?)
thg 4 23, 2018 23:14:01.43 [3172:2756:0423/231401.436:ERROR:connection.cc(1945)] Cookie sqlite error 1555, errno 0: UNIQUE constraint failed: cookies.creation_utc, sql: INSERT INTO cookies (creation_utc, host_key, name, value, encrypted_value, path, expires_utc, secure, httponly, firstpartyonly, last_access_utc, has_expires, persistent, priority) VALUES (?,?,?,?,?,?,?,?,?,?,?,?,?,?)
thg 4 23, 2018 23:20:51.98 [3172:2816:0423/232051.980:ERROR:upload_data_presenter.cc(73)] NOT IMPLEMENTED
thg 4 23, 2018 23:20:52.13 [3172:2816:0423/232052.132:ERROR:upload_data_presenter.cc(73)] NOT IMPLEMENTED
thg 4 23, 2018 23:20:52.32 [3172:2816:0423/232052.320:ERROR:upload_data_presenter.cc(73)] NOT IMPLEMENTED
thg 4 23, 2018 23:25:00.27 [3172:2816:0423/232500.273:ERROR:upload_data_presenter.cc(73)] NOT IMPLEMENTED
thg 4 23, 2018 23:25:00.34 [3172:2816:0423/232500.344:ERROR:upload_data_presenter.cc(73)] NOT IMPLEMENTED
thg 4 23, 2018 23:25:02.06 [3172:2816:0423/232502.060:ERROR:upload_data_presenter.cc(73)] NOT IMPLEMENTED
thg 4 23, 2018 23:25:30.22 [3172:4428:0423/232530.225:ERROR:connection.cc(1945)] Cookie sqlite error 1555, errno 0: UNIQUE constraint failed: cookies.creation_utc, sql: INSERT INTO cookies (creation_utc, host_key, name, value, encrypted_value, path, expires_utc, secure, httponly, firstpartyonly, last_access_utc, has_expires, persistent, priority) VALUES (?,?,?,?,?,?,?,?,?,?,?,?,?,?)
thg 4 23, 2018 23:25:30.22 [3172:4428:0423/232530.229:ERROR:connection.cc(1945)] Cookie sqlite error 1555, errno 0: UNIQUE constraint failed: cookies.creation_utc, sql: INSERT INTO cookies (creation_utc, host_key, name, value, encrypted_value, path, expires_utc, secure, httponly, firstpartyonly, last_access_utc, has_expires, persistent, priority) VALUES (?,?,?,?,?,?,?,?,?,?,?,?,?,?)
thg 4 23, 2018 23:30:08.04 [3172:5072:0423/233008.044:ERROR:connection.cc(1945)] Cookie sqlite error 1555, errno 0: UNIQUE constraint failed: cookies.creation_utc, sql: INSERT INTO cookies (creation_utc, host_key, name, value, encrypted_value, path, expires_utc, secure, httponly, firstpartyonly, last_access_utc, has_expires, persistent, priority) VALUES (?,?,?,?,?,?,?,?,?,?,?,?,?,?)
thg 4 23, 2018 23:30:08.04 [3172:5072:0423/233008.045:ERROR:connection.cc(1945)] Cookie sqlite error 1555, errno 0: UNIQUE constraint failed: cookies.creation_utc, sql: INSERT INTO cookies (creation_utc, host_key, name, value, encrypted_value, path, expires_utc, secure, httponly, firstpartyonly, last_access_utc, has_expires, persistent, priority) VALUES (?,?,?,?,?,?,?,?,?,?,?,?,?,?)
thg 4 23, 2018 23:32:39.26 [3172:2284:0423/233239.263:ERROR:connection.cc(1945)] Cookie sqlite error 1555, errno 0: UNIQUE constraint failed: cookies.creation_utc, sql: INSERT INTO cookies (creation_utc, host_key, name, value, encrypted_value, path, expires_utc, secure, httponly, firstpartyonly, last_access_utc, has_expires, persistent, priority) VALUES (?,?,?,?,?,?,?,?,?,?,?,?,?,?)
thg 4 23, 2018 23:32:39.26 [3172:2284:0423/233239.265:ERROR:connection.cc(1945)] Cookie sqlite error 1555, errno 0: UNIQUE constraint failed: cookies.creation_utc, sql: INSERT INTO cookies (creation_utc, host_key, name, value, encrypted_value, path, expires_utc, secure, httponly, firstpartyonly, last_access_utc, has_expires, persistent, priority) VALUES (?,?,?,?,?,?,?,?,?,?,?,?,?,?)
thg 4 23, 2018 23:32:39.26 [3172:2284:0423/233239.266:ERROR:connection.cc(1945)] Cookie sqlite error 1555, errno 0: UNIQUE constraint failed: cookies.creation_utc, sql: INSERT INTO cookies (creation_utc, host_key, name, value, encrypted_value, path, expires_utc, secure, httponly, firstpartyonly, last_access_utc, has_expires, persistent, priority) VALUES (?,?,?,?,?,?,?,?,?,?,?,?,?,?)
thg 4 23, 2018 23:36:05.58 [3172:2816:0423/233605.586:ERROR:upload_data_presenter.cc(73)] NOT IMPLEMENTED
thg 4 23, 2018 23:36:05.76 [3172:2816:0423/233605.767:ERROR:upload_data_presenter.cc(73)] NOT IMPLEMENTED
thg 4 23, 2018 23:36:06.81 [3172:2816:0423/233606.814:ERROR:upload_data_presenter.cc(73)] NOT IMPLEMENTED
thg 4 23, 2018 23:37:07.25 [3172:3624:0423/233707.251:ERROR:connection.cc(1945)] Cookie sqlite error 1555, errno 0: UNIQUE constraint failed: cookies.creation_utc, sql: INSERT INTO cookies (creation_utc, host_key, name, value, encrypted_value, path, expires_utc, secure, httponly, firstpartyonly, last_access_utc, has_expires, persistent, priority) VALUES (?,?,?,?,?,?,?,?,?,?,?,?,?,?)
thg 4 23, 2018 23:41:39.38 [3172:1228:0423/234139.384:ERROR:connection.cc(1945)] Cookie sqlite error 1555, errno 0: UNIQUE constraint failed: cookies.creation_utc, sql: INSERT INTO cookies (creation_utc, host_key, name, value, encrypted_value, path, expires_utc, secure, httponly, firstpartyonly, last_access_utc, has_expires, persistent, priority) VALUES (?,?,?,?,?,?,?,?,?,?,?,?,?,?)
thg 4 23, 2018 23:47:16.02 [3172:2816:0423/234716.026:ERROR:upload_data_presenter.cc(73)] NOT IMPLEMENTED
thg 4 23, 2018 23:47:16.24 [3172:2816:0423/234716.240:ERROR:upload_data_presenter.cc(73)] NOT IMPLEMENTED
thg 4 23, 2018 23:47:16.33 [3172:2816:0423/234716.330:ERROR:upload_data_presenter.cc(73)] NOT IMPLEMENTED
thg 4 23, 2018 23:47:52.61 [3172:2756:0423/234752.613:ERROR:connection.cc(1945)] Cookie sqlite error 1555, errno 0: UNIQUE constraint failed: cookies.creation_utc, sql: INSERT INTO cookies (creation_utc, host_key, name, value, encrypted_value, path, expires_utc, secure, httponly, firstpartyonly, last_access_utc, has_expires, persistent, priority) VALUES (?,?,?,?,?,?,?,?,?,?,?,?,?,?)
thg 4 23, 2018 23:50:33.25 [3172:2380:0423/235033.250:ERROR:connection.cc(1945)] Cookie sqlite error 1555, errno 0: UNIQUE constraint failed: cookies.creation_utc, sql: INSERT INTO cookies (creation_utc, host_key, name, value, encrypted_value, path, expires_utc, secure, httponly, firstpartyonly, last_access_utc, has_expires, persistent, priority) VALUES (?,?,?,?,?,?,?,?,?,?,?,?,?,?)
thg 4 23, 2018 23:50:33.25 [3172:2380:0423/235033.252:ERROR:connection.cc(1945)] Cookie sqlite error 1555, errno 0: UNIQUE constraint failed: cookies.creation_utc, sql: INSERT INTO cookies (creation_utc, host_key, name, value, encrypted_value, path, expires_utc, secure, httponly, firstpartyonly, last_access_utc, has_expires, persistent, priority) VALUES (?,?,?,?,?,?,?,?,?,?,?,?,?,?)
thg 4 23, 2018 23:50:33.27 [3172:2380:0423/235033.278:ERROR:connection.cc(1945)] Cookie sqlite error 1555, errno 0: UNIQUE constraint failed: cookies.creation_utc, sql: INSERT INTO cookies (creation_utc, host_key, name, value, encrypted_value, path, expires_utc, secure, httponly, firstpartyonly, last_access_utc, has_expires, persistent, priority) VALUES (?,?,?,?,?,?,?,?,?,?,?,?,?,?)
thg 4 23, 2018 23:53:12.29 [3172:3336:0423/235312.294:ERROR:connection.cc(1945)] Cookie sqlite error 1555, errno 0: UNIQUE constraint failed: cookies.creation_utc, sql: INSERT INTO cookies (creation_utc, host_key, name, value, encrypted_value, path, expires_utc, secure, httponly, firstpartyonly, last_access_utc, has_expires, persistent, priority) VALUES (?,?,?,?,?,?,?,?,?,?,?,?,?,?)
thg 4 23, 2018 23:54:43.09 [3172:2816:0423/235443.097:ERROR:upload_data_presenter.cc(73)] NOT IMPLEMENTED
thg 4 23, 2018 23:54:43.29 [3172:2816:0423/235443.293:ERROR:upload_data_presenter.cc(73)] NOT IMPLEMENTED
thg 4 23, 2018 23:54:44.21 [3172:2816:0423/235444.210:ERROR:upload_data_presenter.cc(73)] NOT IMPLEMENTED
thg 4 24, 2018 24:12:31.68 [3172:2816:0424/001231.689:ERROR:upload_data_presenter.cc(73)] NOT IMPLEMENTED
thg 4 24, 2018 24:12:32.34 [3172:2816:0424/001232.349:ERROR:upload_data_presenter.cc(73)] NOT IMPLEMENTED
thg 4 24, 2018 24:12:32.78 [3172:2816:0424/001232.785:ERROR:upload_data_presenter.cc(73)] NOT IMPLEMENTED
thg 4 24, 2018 24:26:09.38 [3172:2488:0424/002609.385:ERROR:connection.cc(1945)] Cookie sqlite error 1555, errno 0: UNIQUE constraint failed: cookies.creation_utc, sql: INSERT INTO cookies (creation_utc, host_key, name, value, encrypted_value, path, expires_utc, secure, httponly, firstpartyonly, last_access_utc, has_expires, persistent, priority) VALUES (?,?,?,?,?,?,?,?,?,?,?,?,?,?)
thg 4 24, 2018 24:26:09.38 [3172:2488:0424/002609.385:ERROR:connection.cc(1945)] Cookie sqlite error 1555, errno 0: UNIQUE constraint failed: cookies.creation_utc, sql: INSERT INTO cookies (creation_utc, host_key, name, value, encrypted_value, path, expires_utc, secure, httponly, firstpartyonly, last_access_utc, has_expires, persistent, priority) VALUES (?,?,?,?,?,?,?,?,?,?,?,?,?,?)
thg 4 24, 2018 24:26:09.38 [3172:2488:0424/002609.389:ERROR:connection.cc(1945)] Cookie sqlite error 1555, errno 0: UNIQUE constraint failed: cookies.creation_utc, sql: INSERT INTO cookies (creation_utc, host_key, name, value, encrypted_value, path, expires_utc, secure, httponly, firstpartyonly, last_access_utc, has_expires, persistent, priority) VALUES (?,?,?,?,?,?,?,?,?,?,?,?,?,?)
thg 4 24, 2018 01:07:58.17 [3172:2816:0424/010758.179:ERROR:upload_data_presenter.cc(73)] NOT IMPLEMENTED
thg 4 24, 2018 01:07:58.61 [3172:2816:0424/010758.618:ERROR:upload_data_presenter.cc(73)] NOT IMPLEMENTED
thg 4 24, 2018 01:07:59.28 [3172:2816:0424/010759.286:ERROR:upload_data_presenter.cc(73)] NOT IMPLEMENTED
thg 4 24, 2018 01:11:14.33 [3172:2816:0424/011114.336:ERROR:upload_data_presenter.cc(73)] NOT IMPLEMENTED
thg 4 24, 2018 01:11:14.54 [3172:2816:0424/011114.540:ERROR:upload_data_presenter.cc(73)] NOT IMPLEMENTED
thg 4 24, 2018 01:11:15.63 [3172:2816:0424/011115.633:ERROR:upload_data_presenter.cc(73)] NOT IMPLEMENTED
thg 4 24, 2018 01:20:34.52 [3172:3192:0424/012034.521:ERROR:media_internals.cc(102)] Cannot get RenderProcessHost
thg 4 24, 2018 01:23:49.21 [3172:2816:0424/012349.210:ERROR:upload_data_presenter.cc(73)] NOT IMPLEMENTED
thg 4 24, 2018 01:23:49.38 [3172:2816:0424/012349.383:ERROR:upload_data_presenter.cc(73)] NOT IMPLEMENTED
thg 4 24, 2018 01:23:50.24 [3172:2816:0424/012350.246:ERROR:upload_data_presenter.cc(73)] NOT IMPLEMENTED
thg 4 24, 2018 01:41:32.96 [3172:2816:0424/014132.968:ERROR:upload_data_presenter.cc(73)] NOT IMPLEMENTED
thg 4 24, 2018 01:41:33.73 [3172:2816:0424/014133.734:ERROR:upload_data_presenter.cc(73)] NOT IMPLEMENTED
thg 4 24, 2018 01:41:34.03 [3172:2816:0424/014134.030:ERROR:upload_data_presenter.cc(73)] NOT IMPLEMENTED
thg 4 24, 2018 01:45:31.69 [3172:2052:0424/014531.695:ERROR:connection.cc(1945)] Cookie sqlite error 1555, errno 0: UNIQUE constraint failed: cookies.creation_utc, sql: INSERT INTO cookies (creation_utc, host_key, name, value, encrypted_value, path, expires_utc, secure, httponly, firstpartyonly, last_access_utc, has_expires, persistent, priority) VALUES (?,?,?,?,?,?,?,?,?,?,?,?,?,?)
thg 4 24, 2018 01:57:46.19 [3172:2816:0424/015746.193:ERROR:upload_data_presenter.cc(73)] NOT IMPLEMENTED
thg 4 24, 2018 01:57:46.38 [3172:2816:0424/015746.386:ERROR:upload_data_presenter.cc(73)] NOT IMPLEMENTED
thg 4 24, 2018 01:57:47.50 [3172:2816:0424/015747.501:ERROR:upload_data_presenter.cc(73)] NOT IMPLEMENTED
thg 4 24, 2018 01:58:11.29 [3172:4672:0424/015811.293:ERROR:connection.cc(1945)] Cookie sqlite error 1555, errno 0: UNIQUE constraint failed: cookies.creation_utc, sql: INSERT INTO cookies (creation_utc, host_key, name, value, encrypted_value, path, expires_utc, secure, httponly, firstpartyonly, last_access_utc, has_expires, persistent, priority) VALUES (?,?,?,?,?,?,?,?,?,?,?,?,?,?)
thg 4 24, 2018 01:58:50.72 [3172:2816:0424/015850.729:ERROR:upload_data_presenter.cc(73)] NOT IMPLEMENTED
thg 4 24, 2018 01:58:51.63 [3172:2816:0424/015851.629:ERROR:upload_data_presenter.cc(73)] NOT IMPLEMENTED
thg 4 24, 2018 01:58:52.63 [3172:2816:0424/015852.636:ERROR:upload_data_presenter.cc(73)] NOT IMPLEMENTED
